\BOOKMARK [0][-]{chapter.1}{\376\377\000L\000i\000m\000i\000t\000s\000\040\000a\000n\000d\000\040\000C\000o\000n\000t\000i\000n\000u\000i\000t\000y}{}% 1
\BOOKMARK [1][-]{section.1.1}{\376\377\000L\000i\000m\000i\000t\000s\000\040\000a\000n\000d\000\040\000T\000h\000e\000i\000r\000\040\000P\000r\000o\000p\000e\000r\000t\000i\000e\000s}{chapter.1}% 2
\BOOKMARK [1][-]{section.1.2}{\376\377\000C\000o\000n\000t\000i\000n\000u\000i\000t\000y}{chapter.1}% 3
\BOOKMARK [1][-]{section.1.3}{\376\377\000I\000n\000t\000e\000r\000m\000e\000d\000i\000a\000t\000e\000\040\000V\000a\000l\000u\000e\000\040\000T\000h\000e\000o\000r\000e\000m}{chapter.1}% 4
\BOOKMARK [0][-]{chapter.2}{\376\377\000D\000i\000f\000f\000e\000r\000e\000n\000t\000i\000a\000t\000i\000o\000n}{}% 5
\BOOKMARK [1][-]{section.2.1}{\376\377\000D\000e\000r\000i\000v\000a\000t\000i\000v\000e\000s}{chapter.2}% 6
\BOOKMARK [1][-]{section.2.2}{\376\377\000M\000o\000r\000e\000\040\000o\000n\000\040\000D\000e\000r\000i\000v\000a\000t\000i\000v\000e\000s}{chapter.2}% 7
\BOOKMARK [1][-]{section.2.3}{\376\377\000D\000e\000r\000i\000v\000a\000t\000i\000v\000e\000s\000\040\000U\000s\000i\000n\000g\000\040\000D\000a\000t\000a}{chapter.2}% 8
\BOOKMARK [1][-]{section.2.4}{\376\377\000B\000a\000s\000i\000c\000\040\000D\000i\000f\000f\000e\000r\000e\000n\000t\000i\000a\000t\000i\000o\000n\000\040\000R\000u\000l\000e\000s}{chapter.2}% 9
\BOOKMARK [1][-]{section.2.5}{\376\377\000P\000r\000o\000d\000u\000c\000t\000\040\000a\000n\000d\000\040\000Q\000u\000o\000t\000i\000e\000n\000t\000\040\000R\000u\000l\000e\000s}{chapter.2}% 10
\BOOKMARK [1][-]{section.2.6}{\376\377\000C\000h\000a\000i\000n\000\040\000R\000u\000l\000e}{chapter.2}% 11
\BOOKMARK [1][-]{section.2.7}{\376\377\000I\000m\000p\000l\000i\000c\000i\000t\000\040\000D\000i\000f\000f\000e\000r\000e\000n\000t\000i\000a\000t\000i\000o\000n}{chapter.2}% 12
\BOOKMARK [0][-]{chapter.3}{\376\377\000A\000p\000p\000l\000i\000c\000a\000t\000i\000o\000n\000s\000\040\000o\000f\000\040\000D\000i\000f\000f\000e\000r\000e\000n\000t\000i\000a\000t\000i\000o\000n}{}% 13
\BOOKMARK [1][-]{section.3.1}{\376\377\000D\000e\000f\000i\000n\000i\000t\000i\000o\000n\000\040\000o\000f\000\040\000t\000h\000e\000\040\000D\000e\000r\000i\000v\000a\000t\000i\000v\000e\000\040\000M\000e\000e\000t\000s\000\040\000D\000e\000r\000i\000v\000a\000t\000i\000v\000e\000\040\000R\000u\000l\000e\000s}{chapter.3}% 14
\BOOKMARK [1][-]{section.3.2}{\376\377\000R\000e\000l\000a\000t\000e\000d\000\040\000R\000a\000t\000e\000s}{chapter.3}% 15
\BOOKMARK [1][-]{section.3.3}{\376\377\000E\000x\000t\000r\000e\000m\000a\000\040\000o\000n\000\040\000a\000n\000\040\000I\000n\000t\000e\000r\000v\000a\000l}{chapter.3}% 16
\BOOKMARK [1][-]{section.3.4}{\376\377\000M\000e\000a\000n\000\040\000V\000a\000l\000u\000e\000\040\000T\000h\000e\000o\000r\000e\000m\000\040\000a\000n\000d\000\040\000R\000o\000l\000l\000e\000'\000s\000\040\000T\000h\000e\000o\000r\000e\000m}{chapter.3}% 17
\BOOKMARK [1][-]{section.3.5}{\376\377\000I\000n\000c\000r\000e\000a\000s\000i\000n\000g\000\040\000a\000n\000d\000\040\000D\000e\000c\000r\000e\000a\000s\000i\000n\000g\000\040\000F\000u\000n\000c\000t\000i\000o\000n\000s\000\040\000a\000n\000d\000\040\000t\000h\000e\000\040\000F\000i\000r\000s\000t\000\040\000D\000e\000r\000i\000v\000a\000t\000i\000v\000e\000\040\000T\000e\000s\000t}{chapter.3}% 18
\BOOKMARK [1][-]{section.3.6}{\376\377\000C\000o\000n\000c\000a\000v\000i\000t\000y\000\040\000a\000n\000d\000\040\000t\000h\000e\000\040\000S\000e\000c\000o\000n\000d\000\040\000D\000e\000r\000i\000v\000a\000t\000i\000v\000e}{chapter.3}% 19
\BOOKMARK [1][-]{section.3.7}{\376\377\000S\000e\000c\000o\000n\000d\000\040\000D\000e\000r\000i\000v\000a\000t\000i\000v\000e\000\040\000T\000e\000s\000t}{chapter.3}% 20
\BOOKMARK [1][-]{section.3.8}{\376\377\000G\000r\000a\000p\000h\000s\000\040\000o\000f\000\040\000f\000,\000\040\000f\000'\000,\000\040\000a\000n\000d\000\040\000f\000'\000'}{chapter.3}% 21
\BOOKMARK [0][-]{chapter.4}{\376\377\000P\000a\000r\000t\000i\000c\000l\000e\000\040\000M\000o\000t\000i\000o\000n\000\040\000a\000n\000d\000\040\000I\000n\000t\000e\000g\000r\000a\000t\000i\000o\000n}{}% 22
\BOOKMARK [1][-]{section.4.1}{\376\377\000P\000a\000r\000t\000i\000c\000l\000e\000\040\000M\000o\000t\000i\000o\000n}{chapter.4}% 23
\BOOKMARK [1][-]{section.4.2}{\376\377\000O\000p\000t\000i\000m\000i\000z\000a\000t\000i\000o\000n}{chapter.4}% 24
\BOOKMARK [1][-]{section.4.3}{\376\377\000A\000n\000t\000i\000d\000e\000r\000i\000v\000a\000t\000i\000v\000e\000s\000\040\000a\000n\000d\000\040\000I\000n\000d\000e\000f\000i\000n\000i\000t\000e\000\040\000I\000n\000t\000e\000g\000r\000a\000l\000s}{chapter.4}% 25
\BOOKMARK [1][-]{section.4.4}{\376\377\000I\000n\000t\000e\000g\000r\000a\000t\000i\000o\000n\000\040\000u\000s\000i\000n\000g\000\040\000U\000-\000S\000u\000b\000s\000t\000i\000t\000u\000t\000i\000o\000n}{chapter.4}% 26
\BOOKMARK [1][-]{section.4.5}{\376\377\000I\000n\000t\000e\000g\000r\000a\000t\000i\000o\000n\000\040\000a\000n\000d\000\040\000A\000r\000e\000a\000\040\000U\000n\000d\000e\000r\000\040\000a\000\040\000C\000u\000r\000v\000e}{chapter.4}% 27
\BOOKMARK [1][-]{section.4.6}{\376\377\000R\000i\000e\000m\000a\000n\000n\000\040\000S\000u\000m\000s\000\040\000a\000n\000d\000\040\000t\000h\000e\000\040\000D\000e\000f\000i\000n\000i\000t\000e\000\040\000I\000n\000t\000e\000g\000r\000a\000l}{chapter.4}% 28
\BOOKMARK [1][-]{section.4.7}{\376\377\000F\000u\000n\000d\000a\000m\000e\000n\000t\000a\000l\000\040\000T\000h\000e\000o\000r\000e\000m\000\040\000o\000f\000\040\000C\000a\000l\000c\000u\000l\000u\000s}{chapter.4}% 29
\BOOKMARK [1][-]{section.4.8}{\376\377\000U\000-\000S\000u\000b\000s\000t\000i\000t\000u\000t\000i\000o\000n\000\040\000w\000i\000t\000h\000\040\000D\000e\000f\000i\000n\000i\000t\000e\000\040\000I\000n\000t\000e\000g\000r\000a\000l\000s}{chapter.4}% 30
\BOOKMARK [1][-]{section.4.9}{\376\377\000A\000n\000o\000t\000h\000e\000r\000\040\000K\000i\000n\000d\000\040\000o\000f\000\040\000U\000-\000S\000u\000b\000s\000t\000i\000t\000u\000t\000i\000o\000n}{chapter.4}% 31
\BOOKMARK [1][-]{section.4.10}{\376\377\000F\000u\000n\000d\000a\000m\000e\000n\000t\000a\000l\000\040\000T\000h\000e\000o\000r\000e\000m\000\040\000o\000f\000\040\000C\000a\000l\000c\000u\000l\000u\000s}{chapter.4}% 32
\BOOKMARK [1][-]{section.4.11}{\376\377\000A\000v\000e\000r\000a\000g\000e\000\040\000V\000a\000l\000u\000e\000\040\000o\000f\000\040\000a\000\040\000C\000o\000n\000t\000i\000n\000u\000o\000u\000s\000\040\000F\000u\000n\000c\000t\000i\000o\000n}{chapter.4}% 33
\BOOKMARK [0][-]{chapter.5}{\376\377\000I\000n\000t\000e\000g\000r\000a\000t\000i\000o\000n\000\040\000w\000i\000t\000h\000\040\000D\000a\000t\000a\000,\000\040\000F\000u\000n\000c\000t\000i\000o\000n\000s\000\040\000D\000e\000f\000i\000n\000e\000d\000\040\000b\000y\000\040\000I\000n\000t\000e\000g\000r\000a\000l\000s\000,\000\040\000a\000n\000d\000\040\000N\000a\000t\000u\000r\000a\000l\000\040\000L\000o\000g\000s}{}% 34
\BOOKMARK [1][-]{section.5.1}{\376\377\000I\000n\000t\000e\000g\000r\000a\000t\000i\000o\000n\000\040\000U\000s\000i\000n\000g\000\040\000D\000a\000t\000a}{chapter.5}% 35
\BOOKMARK [1][-]{section.5.2}{\376\377\000S\000e\000c\000o\000n\000d\000\040\000F\000u\000n\000d\000a\000m\000e\000n\000t\000a\000l\000\040\000T\000h\000e\000o\000r\000e\000m\000\040\000o\000f\000\040\000C\000a\000l\000c\000u\000l\000u\000s}{chapter.5}% 36
\BOOKMARK [1][-]{section.5.3}{\376\377\000N\000a\000t\000u\000r\000a\000l\000\040\000L\000o\000g\000s\000\040\000a\000n\000d\000\040\000D\000i\000f\000f\000e\000r\000e\000n\000t\000i\000a\000t\000i\000o\000n}{chapter.5}% 37
\BOOKMARK [1][-]{section.5.4}{\376\377\000T\000h\000e\000\040\000N\000a\000t\000u\000r\000a\000l\000\040\000L\000o\000g\000\040\000F\000u\000n\000c\000t\000i\000o\000n\000\040\000a\000n\000d\000\040\000I\000n\000t\000e\000g\000r\000a\000t\000i\000o\000n}{chapter.5}% 38
\BOOKMARK [1][-]{section.5.5}{\376\377\000D\000e\000r\000i\000v\000a\000t\000i\000v\000e\000s\000\040\000o\000f\000\040\000I\000n\000v\000e\000r\000s\000e\000\040\000F\000u\000n\000c\000t\000i\000o\000n\000s}{chapter.5}% 39
\BOOKMARK [1][-]{section.5.6}{\376\377\000E\000x\000p\000o\000n\000e\000n\000t\000i\000a\000l\000\040\000F\000u\000n\000c\000t\000i\000o\000n\000s}{chapter.5}% 40
\BOOKMARK [1][-]{section.5.7}{\376\377\000B\000a\000s\000e\000s\000\040\000o\000t\000h\000e\000r\000\040\000t\000h\000a\000n\000\040\000e}{chapter.5}% 41
\BOOKMARK [1][-]{section.5.8}{\376\377\000I\000n\000v\000e\000r\000s\000e\000\040\000T\000r\000i\000g\000\040\000F\000u\000n\000c\000t\000i\000o\000n\000s\000\040\000a\000n\000d\000\040\000D\000i\000f\000f\000e\000r\000e\000n\000t\000i\000a\000t\000i\000o\000n}{chapter.5}% 42
\BOOKMARK [1][-]{section.5.9}{\376\377\000I\000n\000v\000e\000r\000s\000e\000\040\000T\000r\000i\000g\000\040\000I\000n\000t\000e\000g\000r\000a\000t\000i\000o\000n}{chapter.5}% 43
\BOOKMARK [0][-]{chapter.6}{\376\377\000D\000i\000f\000f\000e\000r\000e\000n\000t\000i\000a\000l\000\040\000E\000q\000u\000a\000t\000i\000o\000n\000s}{}% 44
\BOOKMARK [1][-]{section.6.1}{\376\377\000D\000i\000f\000f\000e\000r\000e\000n\000t\000i\000a\000l\000\040\000E\000q\000u\000a\000t\000i\000o\000n\000s}{chapter.6}% 45
\BOOKMARK [1][-]{section.6.2}{\376\377\000E\000u\000l\000e\000r\000'\000s\000\040\000M\000e\000t\000h\000o\000d}{chapter.6}% 46
\BOOKMARK [1][-]{section.6.3}{\376\377\000E\000x\000p\000o\000n\000e\000n\000t\000i\000a\000l\000\040\000G\000r\000o\000w\000t\000h\000\040\000a\000n\000d\000\040\000D\000e\000c\000a\000y}{chapter.6}% 47
\BOOKMARK [0][-]{chapter.7}{\376\377\000A\000r\000e\000a\000\040\000b\000e\000t\000w\000e\000e\000n\000\040\000C\000u\000r\000v\000e\000s\000,\000\040\000V\000o\000l\000u\000m\000e\000,\000\040\000a\000n\000d\000\040\000A\000r\000c\000\040\000L\000e\000n\000g\000t\000h}{}% 48
\BOOKMARK [1][-]{section.7.1}{\376\377\000A\000r\000e\000a\000\040\000B\000e\000t\000w\000e\000e\000n\000\040\000T\000w\000o\000\040\000C\000u\000r\000v\000e\000s}{chapter.7}% 49
\BOOKMARK [1][-]{section.7.2}{\376\377\000V\000o\000l\000u\000m\000e\000\040\000w\000i\000t\000h\000\040\000K\000n\000o\000w\000n\000\040\000C\000r\000o\000s\000s\000\040\000S\000e\000c\000t\000i\000o\000n\000s}{chapter.7}% 50
\BOOKMARK [1][-]{section.7.3}{\376\377\000V\000o\000l\000u\000m\000e\000:\000\040\000T\000h\000e\000\040\000D\000i\000s\000c\000\040\000M\000e\000t\000h\000o\000d}{chapter.7}% 51
\BOOKMARK [1][-]{section.7.4}{\376\377\000A\000r\000c\000\040\000L\000e\000n\000g\000t\000h}{chapter.7}% 52
\BOOKMARK [0][-]{chapter.8}{\376\377\000T\000e\000c\000h\000n\000i\000q\000u\000e\000s\000\040\000o\000f\000\040\000I\000n\000t\000e\000g\000r\000a\000t\000i\000o\000n}{}% 53
\BOOKMARK [1][-]{section.8.1}{\376\377\000I\000n\000t\000e\000g\000r\000a\000t\000i\000o\000n\000\040\000b\000y\000\040\000P\000a\000r\000t\000s}{chapter.8}% 54
\BOOKMARK [1][-]{section.8.2}{\376\377\000I\000n\000t\000e\000g\000r\000a\000t\000i\000o\000n\000\040\000b\000y\000\040\000P\000a\000r\000t\000i\000a\000l\000\040\000F\000r\000a\000c\000t\000i\000o\000n\000s}{chapter.8}% 55
\BOOKMARK [1][-]{section.8.3}{\376\377\000L\000o\000g\000i\000s\000t\000i\000c\000\040\000G\000r\000o\000w\000t\000h}{chapter.8}% 56
\BOOKMARK [0][-]{chapter.9}{\376\377\000I\000m\000p\000r\000o\000p\000e\000r\000\040\000I\000n\000t\000e\000g\000r\000a\000l\000s\000,\000\040\000S\000e\000q\000u\000e\000n\000c\000e\000s\000\040\000a\000n\000d\000\040\000S\000e\000r\000i\000e\000s\000,\000\040\000T\000a\000y\000l\000o\000r\000\040\000P\000o\000l\000y\000n\000o\000m\000i\000a\000l\000s\000,\000\040\000a\000n\000d\000\040\000T\000a\000y\000l\000o\000r\000\040\000S\000e\000r\000i\000e\000s}{}% 57
\BOOKMARK [1][-]{section.9.1}{\376\377\000I\000m\000p\000r\000o\000p\000e\000r\000\040\000I\000n\000t\000e\000g\000r\000a\000l\000s}{chapter.9}% 58
\BOOKMARK [1][-]{section.9.2}{\376\377\000n\000t\000h\000\040\000T\000e\000r\000m\000\040\000T\000e\000s\000t}{chapter.9}% 59
\BOOKMARK [1][-]{section.9.3}{\376\377\000G\000e\000o\000m\000e\000t\000r\000i\000c\000\040\000S\000e\000r\000i\000e\000s\000\040\000a\000n\000d\000\040\000T\000e\000l\000e\000s\000c\000o\000p\000i\000c}{chapter.9}% 60
\BOOKMARK [1][-]{section.9.4}{\376\377\000I\000n\000t\000e\000g\000r\000a\000l\000\040\000T\000e\000s\000t\000\040\000a\000n\000d\000\040\000p\000-\000S\000e\000r\000i\000e\000s}{chapter.9}% 61
\BOOKMARK [1][-]{section.9.5}{\376\377\000C\000o\000m\000p\000a\000r\000i\000s\000o\000n\000\040\000o\000f\000\040\000S\000e\000r\000i\000e\000s}{chapter.9}% 62
\BOOKMARK [1][-]{section.9.6}{\376\377\000A\000l\000t\000e\000r\000n\000a\000t\000i\000n\000g\000\040\000S\000e\000r\000i\000e\000s}{chapter.9}% 63
\BOOKMARK [1][-]{section.9.7}{\376\377\000R\000a\000t\000i\000o\000\040\000T\000e\000s\000t}{chapter.9}% 64
\BOOKMARK [1][-]{section.9.8}{\376\377\000T\000a\000y\000l\000o\000r\000\040\000P\000o\000l\000y\000n\000o\000m\000i\000a\000l\000s}{chapter.9}% 65
\BOOKMARK [1][-]{section.9.9}{\376\377\000R\000a\000d\000i\000u\000s\000\040\000a\000n\000d\000\040\000I\000n\000t\000e\000r\000v\000a\000l\000\040\000o\000f\000\040\000C\000o\000n\000v\000e\000r\000g\000e\000n\000c\000e}{chapter.9}% 66
\BOOKMARK [1][-]{section.9.10}{\376\377\000T\000a\000y\000l\000o\000r\000\040\000S\000e\000r\000i\000e\000s}{chapter.9}% 67
\BOOKMARK [1][-]{section.9.11}{\376\377\000L\000a\000g\000r\000a\000n\000g\000e\000\040\000E\000r\000r\000o\000r\000\040\000B\000o\000u\000n\000d}{chapter.9}% 68
\BOOKMARK [1][-]{section.9.12}{\376\377\000M\000o\000r\000e\000\040\000o\000n\000\040\000E\000r\000r\000o\000r}{chapter.9}% 69
\BOOKMARK [0][-]{chapter.10}{\376\377\000P\000a\000r\000a\000m\000e\000t\000r\000i\000c\000s\000,\000\040\000V\000e\000c\000t\000o\000r\000s\000,\000\040\000a\000n\000d\000\040\000P\000o\000l\000a\000r}{}% 70
\BOOKMARK [1][-]{section.10.1}{\376\377\000P\000a\000r\000a\000m\000e\000t\000r\000i\000c\000\040\000E\000q\000u\000a\000t\000i\000o\000n\000s\000:\000\040\000T\000h\000e\000\040\000B\000a\000s\000i\000c\000s}{chapter.10}% 71
\BOOKMARK [1][-]{section.10.2}{\376\377\000V\000e\000c\000t\000o\000r\000s\000\040\000a\000n\000d\000\040\000M\000o\000t\000i\000o\000n\000\040\000a\000l\000o\000n\000g\000\040\000a\000\040\000C\000u\000r\000v\000e}{chapter.10}% 72
\BOOKMARK [1][-]{section.10.3}{\376\377\000P\000o\000l\000a\000r\000\040\000C\000o\000o\000r\000d\000i\000n\000a\000t\000e\000s\000\040\000a\000n\000d\000\040\000P\000o\000l\000a\000r\000\040\000G\000r\000a\000p\000h\000s}{chapter.10}% 73
\BOOKMARK [1][-]{section.10.4}{\376\377\000A\000r\000e\000a\000\040\000B\000o\000u\000n\000d\000e\000d\000\040\000b\000y\000\040\000a\000\040\000P\000o\000l\000a\000r\000\040\000C\000u\000r\000v\000e}{chapter.10}% 74
\BOOKMARK [1][-]{section.10.5}{\376\377\000N\000o\000t\000e\000s\000\040\000o\000n\000\040\000P\000o\000l\000a\000r}{chapter.10}% 75
\BOOKMARK [1][-]{section.10.6}{\376\377\000M\000o\000r\000e\000\040\000o\000n\000\040\000P\000o\000l\000a\000r\000\040\000G\000r\000a\000p\000h\000s}{chapter.10}% 76
